
;
; Created on Fri Apr  5 18:52:09 2024 with ECE 449 assembler v1.12 beta 1 (16 bit).
;
;Header Section
RADIX 10
DEPTH 4096
WIDTH 16
DEFAULT 0
;
; Data Section
; Specifies data to be stored in different addresses
; e.g., DATA 0:A, 1:0
;
RADIX 16
DATA 
2134 => "0010010111111111", -- 0856 - 25FF start:       loadimm.upper LedDisplay.hi
2136 => "0010010011110010", -- 0858 - 24F2              loadimm.lower LedDisplay.lo
2138 => "0010011101111000", -- 085A - 2778              mov           r5,r7
2140 => "0010010100000000", -- 085C - 2500              loadimm.upper 0x00
2142 => "0010010000000000", -- 085E - 2400              loadimm.lower 0x00
2144 => "0010011110111000", -- 0860 - 27B8              mov           r6,r7
2146 => "0000000000000000", -- 0862 - 0000 loop:        nop          
2148 => "0000000000000000", -- 0864 - 0000              nop          
2150 => "0000000000000000", -- 0866 - 0000              nop          
2152 => "0010001101110000", -- 0868 - 2370              store         r5,r6
2154 => "0010010100000000", -- 086A - 2500              loadimm.upper 0x00
2156 => "0010010000000001", -- 086C - 2401              loadimm.lower 0x01
2158 => "0000001110110111", -- 086E - 03B7              add           r6,r6,r7
2160 => "0010010000001111", -- 0870 - 240F              loadimm.lower 0x0F
2162 => "0000100100110111", -- 0872 - 0937              nand          r4,r6,r7
2164 => "0000100100100100", -- 0874 - 0924              nand          r4,r4,r4
2166 => "0010010000001010", -- 0876 - 240A              loadimm.lower 0x0a
2168 => "0000010100100111", -- 0878 - 0527              sub           r4,r4,r7
2170 => "0000111100000000", -- 087A - 0F00              test          r4
2172 => "1000010000000010", -- 087C - 8402              brr.z         ones_zero
2174 => "1000000111110010", -- 087E - 81F2              brr           loop
2176 => "0010010111111111", -- 0880 - 25FF ones_zero:   loadimm.upper 0xff
2178 => "0010010011110000", -- 0882 - 24F0              loadimm.lower 0xf0
2180 => "0000100110110111", -- 0884 - 09B7              nand          r6,r6,r7
2182 => "0000100110110110", -- 0886 - 09B6              nand          r6,r6,r6
2184 => "0010010100000000", -- 0888 - 2500              loadimm.upper 0x00
2186 => "0010010000010000", -- 088A - 2410              loadimm.lower 0x10
2188 => "0000001110110111", -- 088C - 03B7              add           r6,r6,r7
2190 => "0010010100000000", -- 088E - 2500              loadimm.upper 0x00
2192 => "0010010011110000", -- 0890 - 24F0              loadimm.lower 0xf0
2194 => "0000100100110111", -- 0892 - 0937              nand          r4,r6,r7
2196 => "0000100100100100", -- 0894 - 0924              nand          r4,r4,r4
2198 => "0010010100000000", -- 0896 - 2500              loadimm.upper 0x00
2200 => "0010010010100000", -- 0898 - 24A0              loadimm.lower 0xA0
2202 => "0000010100100111", -- 089A - 0527              sub           r4,r4,r7
2204 => "0000111100000000", -- 089C - 0F00              test          r4
2206 => "1000010000000010", -- 089E - 8402              brr.z         tens_zero
2208 => "1000000111100001", -- 08A0 - 81E1              brr           loop
2210 => "0010010100001111", -- 08A2 - 250F tens_zero:   loadimm.upper 0x0F
2212 => "0010010000000000", -- 08A4 - 2400              loadimm.lower 0x00
2214 => "0000100110110111", -- 08A6 - 09B7              nand          r6,r6,r7
2216 => "0000100110110110", -- 08A8 - 09B6              nand          r6,r6,r6
2218 => "0010010100000001", -- 08AA - 2501              loadimm.upper 0x01
2220 => "0010010000000000", -- 08AC - 2400              loadimm.lower 0x00
2222 => "0000001110110111", -- 08AE - 03B7              add           r6,r6,r7
2224 => "0010010100001010", -- 08B0 - 250A              loadimm.upper 0x0A
2226 => "0000010100110111", -- 08B2 - 0537              sub           r4,r6,r7
2228 => "0000111100000000", -- 08B4 - 0F00              test          r4
2230 => "1000010111010000", -- 08B6 - 85D0              brr.z         start
2232 => "1000000111010101", -- 08B8 - 81D5              brr           loop


-------------------------------------------------------
Symbol Table:
DipSwitches   65520 (FFF0)
LedDisplay    65522 (FFF2)
loop           2146 (0862)
ones_zero      2176 (0880)
start          2134 (0856)
tens_zero      2210 (08A2)

